<?xml version="1.0" encoding="UTF-8"?>
<beans xmlns:context="http://www.springframework.org/schema/context"
  xmlns:xsi="http://www.w3.org/2001/XMLSchema-instance"
  xmlns="http://www.springframework.org/schema/beans"
  xsi:schemaLocation="http://www.springframework.org/schema/beans
       http://www.springframework.org/schema/beans/spring-beans.xsd http://www.springframework.org/schema/context http://www.springframework.org/schema/context/spring-context.xsd">

  <context:component-scan base-package="com.nikolay.service"/>

  <bean class="org.mockito.Mockito" factory-method="mock" id="departmentDAO">
    <constructor-arg value="com.nikolay.dao.DepartmentDAO"/>
  </bean>

  <bean class="com.nikolay.service.impl.DepartmentServiceImpl" id="departmentService">
    <property name="departmentDAO" ref="departmentDAO"/>
  </bean>

  <bean class="org.mockito.Mockito" factory-method="mock" id="employeeDAO">
    <constructor-arg value="com.nikolay.dao.EmployeeDAO"/>
  </bean>

  <bean class="com.nikolay.service.impl.EmployeeServiceImpl" id="employeeService">
    <property name="employeeDAO" ref="employeeDAO"/>
  </bean>

</beans>