<?xml version="1.0" encoding="UTF-8"?>
<beans xmlns="http://www.springframework.org/schema/beans"
       xmlns:xsi="http://www.w3.org/2001/XMLSchema-instance"
       xsi:schemaLocation="http://www.springframework.org/schema/beans
       http://www.springframework.org/schema/beans/spring-beans.xsd">

    <bean id="departmentDAO" class="org.mockito.Mockito" factory-method="mock">
        <constructor-arg value="com.nikolay.DepartmentDAO"/>
    </bean>

    <bean id="departmentService" class="com.nikolay.impl.DepartmentServiceImpl">
        <property name="departmentDAO" ref="departmentDAO"/>
    </bean>

    <bean id="employeeDAO" class="org.mockito.Mockito" factory-method="mock">
        <constructor-arg value="com.nikolay.EmployeeDAO"/>
    </bean>

    <bean id="employeeService" class="com.nikolay.impl.EmployeeServiceImpl">
        <property name="employeeDAO" ref="employeeDAO"/>
    </bean>

</beans>