<?xml version="1.0" encoding="UTF-8"?>
<beans xmlns:context="http://www.springframework.org/schema/context"
  xmlns:xsi="http://www.w3.org/2001/XMLSchema-instance"
  xmlns="http://www.springframework.org/schema/beans"
  xsi:schemaLocation="http://www.springframework.org/schema/beans
       http://www.springframework.org/schema/beans/spring-beans.xsd http://www.springframework.org/schema/context http://www.springframework.org/schema/context/spring-context.xsd">

  <context:component-scan base-package="com.nikolay.service"/>

  <context:property-placeholder
    location="classpath*:/messages.properties"/>

  <bean class="org.mockito.Mockito" factory-method="mock" id="departmentDao">
    <constructor-arg value="com.nikolay.dao.DepartmentDao"/>
  </bean>

  <bean class="com.nikolay.service.impl.DepartmentServiceImpl" id="departmentService">
    <property name="departmentDao" ref="departmentDao"/>
  </bean>

  <bean class="org.mockito.Mockito" factory-method="mock" id="employeeDao">
    <constructor-arg value="com.nikolay.dao.EmployeeDao"/>
  </bean>

  <bean class="com.nikolay.service.impl.EmployeeServiceImpl" id="employeeService">
    <property name="employeeDao" ref="employeeDao"/>
  </bean>

</beans>