<?xml version="1.0" encoding="UTF-8"?>
<beans xmlns="http://www.springframework.org/schema/beans"
       xmlns:xsi="http://www.w3.org/2001/XMLSchema-instance"
       xmlns:context="http://www.springframework.org/schema/context"
       xsi:schemaLocation="http://www.springframework.org/schema/beans
       http://www.springframework.org/schema/beans/spring-beans.xsd http://www.springframework.org/schema/context http://www.springframework.org/schema/context/spring-context.xsd">

    <context:component-scan base-package="com.nikolay.service"/>

    <bean id="departmentDAO" class="org.mockito.Mockito" factory-method="mock">
        <constructor-arg value="com.nikolay.dao.DepartmentDAO"/>
    </bean>

    <bean id="departmentService" class="com.nikolay.service.impl.DepartmentServiceImpl">
        <property name="departmentDAO" ref="departmentDAO"/>
    </bean>

    <bean id="employeeDAO" class="org.mockito.Mockito" factory-method="mock">
        <constructor-arg value="com.nikolay.dao.EmployeeDAO"/>
    </bean>

    <bean id="employeeService" class="com.nikolay.service.impl.EmployeeServiceImpl">
        <property name="employeeDAO" ref="employeeDAO"/>
    </bean>

</beans>