<?xml version="1.0" encoding="UTF-8"?>
<beans xmlns="http://www.springframework.org/schema/beans"
       xmlns:xsi="http://www.w3.org/2001/XMLSchema-instance"
       xmlns:context="http://www.springframework.org/schema/context"
       xsi:schemaLocation="http://www.springframework.org/schema/beans
       http://www.springframework.org/schema/beans/spring-beans.xsd http://www.springframework.org/schema/context http://www.springframework.org/schema/context/spring-context.xsd">

    <context:component-scan base-package="com.nikolay"/>

    <context:property-placeholder
            location="classpath*:/sql.properties,
                      classpath*:/test-database.properties"/>

    <bean id="departmentDAO" class="org.mockito.Mockito" factory-method="mock">
        <constructor-arg value="com.nikolay.DepartmentDAO"/>
    </bean>

    <bean id="departmentService" class="com.nikolay.impl.DepartmentServiceImpl">
        <property name="departmentDAO" ref="departmentDAO"/>
    </bean>

    <bean id="employeeDAO" class="org.mockito.Mockito" factory-method="mock">
        <constructor-arg value="com.nikolay.EmployeeDAO"/>
    </bean>

    <bean id="employeeService" class="com.nikolay.impl.EmployeeServiceImpl">
        <property name="employeeDAO" ref="employeeDAO"/>
    </bean>

    <bean id="dataSource" class="org.springframework.jdbc.datasource.DriverManagerDataSource">
        <property name="driverClassName" value="${jdbc.driverClassName}"/>
        <property name="url" value="${jdbc.url}"/>
        <property name="username" value="${jdbc.username}"/>
        <property name="password" value="${jdbc.password}"/>
    </bean>

    <bean id="namedParameterJdbcTemplate" class="org.springframework.jdbc.core.namedparam.NamedParameterJdbcTemplate">
        <constructor-arg type="javax.sql.DataSource" ref="dataSource"/>
    </bean>


</beans>
